<?xml version="1.0" encoding="UTF-8"?>
<!-- Generated by org.testng.reporters.JUnitReportReporter -->
<testsuite hostname="Pravin" failures="0" tests="1" name="API_chaining.POST_and_GET_user_api_chaning" time="5.865" errors="0" timestamp="2023-12-26T11:07:14 IST" skipped="0">
  <testcase classname="API_chaining.POST_and_GET_user_api_chaning" name="create_user" time="5.865"/>
  <system-out/>
</testsuite> <!-- API_chaining.POST_and_GET_user_api_chaning -->
